[    0.000000] Initializing cgroup subsys cpuset
[    0.000000] Initializing cgroup subsys cpu
[    0.000000] Initializing cgroup subsys cpuacct
[    0.000000] Linux version 4.4.0-210-generic (buildd@lgw01-amd64-009) (gcc version 5.4.0 20160609 (Ubuntu 5.4.0-6ubuntu1~16.04.12) ) #242-Ubuntu SMP Fri Apr 16 09:57:56 UTC 2021 (Ubuntu 4.4.0-210.242-generic 4.4.262)
[    0.000000] Command line: BOOT_IMAGE=/boot/vmlinuz-4.4.0-210-generic root=LABEL=cloudimg-rootfs ro console=tty1 console=ttyS0
[    0.000000] KERNEL supported cpus:
[    0.000000]   Intel GenuineIntel
[    0.000000]   AMD AuthenticAMD
[    0.000000]   Centaur CentaurHauls
[    0.000000] x86/fpu: xstate_offset[2]:  576, xstate_sizes[2]:  256
[    0.000000] x86/fpu: Supporting XSAVE feature 0x01: 'x87 floating point registers'
[    0.000000] x86/fpu: Supporting XSAVE feature 0x02: 'SSE registers'
[    0.000000] x86/fpu: Supporting XSAVE feature 0x04: 'AVX registers'
[    0.000000] x86/fpu: Enabled xstate features 0x7, context size is 832 bytes, using 'standard' format.
[    0.000000] e820: BIOS-provided physical RAM map:
[    0.000000] BIOS-e820: [mem 0x0000000000000000-0x000000000009fbff] usable
[    0.000000] BIOS-e820: [mem 0x000000000009fc00-0x000000000009ffff] reserved
[    0.000000] BIOS-e820: [mem 0x00000000000f0000-0x00000000000fffff] reserved
[    0.000000] BIOS-e820: [mem 0x0000000000100000-0x00000000dffeffff] usable
[    0.000000] BIOS-e820: [mem 0x00000000dfff0000-0x00000000dfffffff] ACPI data
[    0.000000] BIOS-e820: [mem 0x00000000fec00000-0x00000000fec00fff] reserved
[    0.000000] BIOS-e820: [mem 0x00000000fee00000-0x00000000fee00fff] reserved
[    0.000000] BIOS-e820: [mem 0x00000000fffc0000-0x00000000ffffffff] reserved
[    0.000000] BIOS-e820: [mem 0x0000000100000000-0x000000011fffffff] usable
[    0.000000] NX (Execute Disable) protection: active
[    0.000000] SMBIOS 2.5 present.
[    0.000000] Hypervisor detected: KVM
[    0.000000] Kernel/User page tables isolation: disabled
[    0.000000] e820: last_pfn = 0x120000 max_arch_pfn = 0x400000000
[    0.000000] MTRR: Disabled
[    0.000000] x86/PAT: MTRRs disabled, skipping PAT initialization too.
[    0.000000] CPU MTRRs all blank - virtualized system.
[    0.000000] x86/PAT: Configuration [0-7]: WB  WT  UC- UC  WB  WT  UC- UC  
[    0.000000] e820: last_pfn = 0xdfff0 max_arch_pfn = 0x400000000
[    0.000000] found SMP MP-table at [mem 0x0009fff0-0x0009ffff] mapped at [ffff88000009fff0]
[    0.000000] Scanning 1 areas for low memory corruption
[    0.000000] RAMDISK: [mem 0x362dc000-0x37165fff]
[    0.000000] ACPI: Early table checksum verification disabled
[    0.000000] ACPI: RSDP 0x00000000000E0000 000024 (v02 VBOX  )
[    0.000000] ACPI: XSDT 0x00000000DFFF0030 00003C (v01 VBOX   VBOXXSDT 00000001 ASL  00000061)
[    0.000000] ACPI: FACP 0x00000000DFFF00F0 0000F4 (v04 VBOX   VBOXFACP 00000001 ASL  00000061)
[    0.000000] ACPI: DSDT 0x00000000DFFF0610 002353 (v02 VBOX   VBOXBIOS 00000002 INTL 20100528)
[    0.000000] ACPI: FACS 0x00000000DFFF0200 000040
[    0.000000] ACPI: FACS 0x00000000DFFF0200 000040
[    0.000000] ACPI: APIC 0x00000000DFFF0240 00005C (v02 VBOX   VBOXAPIC 00000001 ASL  00000061)
[    0.000000] ACPI: SSDT 0x00000000DFFF02A0 00036C (v01 VBOX   VBOXCPUT 00000002 INTL 20100528)
[    0.000000] No NUMA configuration found
[    0.000000] Faking a node at [mem 0x0000000000000000-0x000000011fffffff]
[    0.000000] NODE_DATA(0) allocated [mem 0x11fff7000-0x11fffbfff]
[    0.000000] kvm-clock: Using msrs 4b564d01 and 4b564d00
[    0.000000] kvm-clock: cpu 0, msr 1:1ffef001, primary cpu clock
[    0.000000] kvm-clock: using sched offset of 3059643504 cycles
[    0.000000] clocksource: kvm-clock: mask: 0xffffffffffffffff max_cycles: 0x1cd42e4dffb, max_idle_ns: 881590591483 ns
[    0.000000] Zone ranges:
[    0.000000]   DMA      [mem 0x0000000000001000-0x0000000000ffffff]
[    0.000000]   DMA32    [mem 0x0000000001000000-0x00000000ffffffff]
[    0.000000]   Normal   [mem 0x0000000100000000-0x000000011fffffff]
[    0.000000]   Device   empty
[    0.000000] Movable zone start for each node
[    0.000000] Early memory node ranges
[    0.000000]   node   0: [mem 0x0000000000001000-0x000000000009efff]
[    0.000000]   node   0: [mem 0x0000000000100000-0x00000000dffeffff]
[    0.000000]   node   0: [mem 0x0000000100000000-0x000000011fffffff]
[    0.000000] Initmem setup node 0 [mem 0x0000000000001000-0x000000011fffffff]
[    0.000000] ACPI: PM-Timer IO Port: 0x4008
[    0.000000] IOAPIC[0]: apic_id 2, version 32, address 0xfec00000, GSI 0-23
[    0.000000] ACPI: INT_SRC_OVR (bus 0 bus_irq 0 global_irq 2 dfl dfl)
[    0.000000] ACPI: INT_SRC_OVR (bus 0 bus_irq 9 global_irq 9 low level)
[    0.000000] Using ACPI (MADT) for SMP configuration information
[    0.000000] smpboot: Allowing 2 CPUs, 0 hotplug CPUs
[    0.000000] PM: Registered nosave memory: [mem 0x00000000-0x00000fff]
[    0.000000] PM: Registered nosave memory: [mem 0x0009f000-0x0009ffff]
[    0.000000] PM: Registered nosave memory: [mem 0x000a0000-0x000effff]
[    0.000000] PM: Registered nosave memory: [mem 0x000f0000-0x000fffff]
[    0.000000] PM: Registered nosave memory: [mem 0xdfff0000-0xdfffffff]
[    0.000000] PM: Registered nosave memory: [mem 0xe0000000-0xfebfffff]
[    0.000000] PM: Registered nosave memory: [mem 0xfec00000-0xfec00fff]
[    0.000000] PM: Registered nosave memory: [mem 0xfec01000-0xfedfffff]
[    0.000000] PM: Registered nosave memory: [mem 0xfee00000-0xfee00fff]
[    0.000000] PM: Registered nosave memory: [mem 0xfee01000-0xfffbffff]
[    0.000000] PM: Registered nosave memory: [mem 0xfffc0000-0xffffffff]
[    0.000000] e820: [mem 0xe0000000-0xfebfffff] available for PCI devices
[    0.000000] Booting paravirtualized kernel on KVM
[    0.000000] clocksource: refined-jiffies: mask: 0xffffffff max_cycles: 0xffffffff, max_idle_ns: 7645519600211568 ns
[    0.000000] setup_percpu: NR_CPUS:512 nr_cpumask_bits:512 nr_cpu_ids:2 nr_node_ids:1
[    0.000000] PERCPU: Embedded 33 pages/cpu @ffff88011fc00000 s95192 r8192 d31784 u1048576
[    0.000000] Built 1 zonelists in Node order, mobility grouping on.  Total pages: 1032056
[    0.000000] Policy zone: Normal
[    0.000000] Kernel command line: BOOT_IMAGE=/boot/vmlinuz-4.4.0-210-generic root=LABEL=cloudimg-rootfs ro console=tty1 console=ttyS0
[    0.000000] PID hash table entries: 4096 (order: 3, 32768 bytes)
[    0.000000] Memory: 4028304K/4193848K available (8644K kernel code, 1332K rwdata, 4044K rodata, 1492K init, 1164K bss, 165544K reserved, 0K cma-reserved)
[    0.000000] SLUB: HWalign=64, Order=0-3, MinObjects=0, CPUs=2, Nodes=1
[    0.000000] Hierarchical RCU implementation.
[    0.000000] 	Build-time adjustment of leaf fanout to 64.
[    0.000000] 	RCU restricting CPUs from NR_CPUS=512 to nr_cpu_ids=2.
[    0.000000] RCU: Adjusting geometry for rcu_fanout_leaf=64, nr_cpu_ids=2
[    0.000000] NR_IRQS:33024 nr_irqs:440 16
[    0.000000] Console: colour VGA+ 80x25
[    0.000000] console [tty1] enabled
[    0.000000] console [ttyS0] enabled
[    0.000000] tsc: Detected 2999.998 MHz processor
[    0.275682] Calibrating delay loop (skipped) preset value.. 5999.99 BogoMIPS (lpj=11999992)
[    0.277002] pid_max: default: 32768 minimum: 301
[    0.277775] ACPI: Core revision 20150930
[    0.279375] ACPI: 2 ACPI AML tables successfully acquired and loaded
[    0.280643] Security Framework initialized
[    0.281508] Yama: becoming mindful.
[    0.282208] AppArmor: AppArmor initialized
[    0.285224] Dentry cache hash table entries: 524288 (order: 10, 4194304 bytes)
[    0.291801] Inode-cache hash table entries: 262144 (order: 9, 2097152 bytes)
[    0.293626] Mount-cache hash table entries: 8192 (order: 4, 65536 bytes)
[    0.294766] Mountpoint-cache hash table entries: 8192 (order: 4, 65536 bytes)
[    0.295951] Initializing cgroup subsys io
[    0.296594] Initializing cgroup subsys memory
[    0.297273] Initializing cgroup subsys devices
[    0.298311] Initializing cgroup subsys freezer
[    0.299006] Initializing cgroup subsys net_cls
[    0.299797] Initializing cgroup subsys perf_event
[    0.300509] Initializing cgroup subsys net_prio
[    0.301198] Initializing cgroup subsys hugetlb
[    0.301927] Initializing cgroup subsys pids
[    0.303631] mce: CPU supports 0 MCE banks
[    0.304289] Last level iTLB entries: 4KB 128, 2MB 8, 4MB 8
[    0.305085] Last level dTLB entries: 4KB 64, 2MB 0, 4MB 0, 1GB 4
[    0.305937] Spectre V1 : Mitigation: usercopy/swapgs barriers and __user pointer sanitization
[    0.307224] Spectre V2 : Mitigation: Full generic retpoline
[    0.308308] Spectre V2 : Spectre v2 / SpectreRSB mitigation: Filling RSB on context switch
[    0.309758] Speculative Store Bypass: Vulnerable
[    0.310536] SRBDS: Mitigation: TSX disabled
[    0.313226] Freeing SMP alternatives memory: 36K
[    0.318658] ftrace: allocating 32380 entries in 127 pages
[    0.364878] smpboot: APIC(0) Converting physical 0 to logical package 0
[    0.366199] smpboot: Max logical packages: 1
[    0.367231] x2apic enabled
[    0.367926] Switched APIC routing to physical x2apic.
[    0.369808] ..TIMER: vector=0x30 apic1=0 pin1=2 apic2=-1 pin2=-1
[    0.479054] smpboot: CPU0: Intel(R) Core(TM) i5-9500F CPU @ 3.00GHz (family: 0x6, model: 0x9e, stepping: 0xd)
[    0.481061] Performance Events: unsupported p6 CPU model 158 no PMU driver, software events only.
[    0.490202] KVM setup paravirtual spinlock
[    0.493589] x86: Booting SMP configuration:
[    0.494318] .... node  #0, CPUs:      #1
[    0.495011] kvm-clock: cpu 1, msr 1:1ffef041, secondary cpu clock
[    0.496917] mce: CPU supports 0 MCE banks
[    0.499547] x86: Booted up 1 node, 2 CPUs
[    0.500354] smpboot: Total of 2 processors activated (11999.99 BogoMIPS)
[    0.501596] devtmpfs: initialized
[    0.503973] evm: security.selinux
[    0.504556] evm: security.SMACK64
[    0.505103] evm: security.SMACK64EXEC
[    0.505691] evm: security.SMACK64TRANSMUTE
[    0.506378] evm: security.SMACK64MMAP
[    0.507000] evm: security.ima
[    0.507507] evm: security.capability
[    0.508393] clocksource: jiffies: mask: 0xffffffff max_cycles: 0xffffffff, max_idle_ns: 7645041785100000 ns
[    0.510147] futex hash table entries: 512 (order: 3, 32768 bytes)
[    0.511599] pinctrl core: initialized pinctrl subsystem
[    0.512680] RTC time: 13:02:16, date: 06/20/23
[    0.513682] NET: Registered protocol family 16
[    0.524341] cpuidle: using governor ladder
[    0.538258] cpuidle: using governor menu
[    0.539081] PCCT header not found.
[    0.539918] ACPI: bus type PCI registered
[    0.540738] acpiphp: ACPI Hot Plug PCI Controller Driver version: 0.5
[    0.542334] PCI: Using configuration type 1 for base access
[    0.559843] ACPI: Added _OSI(Module Device)
[    0.560730] ACPI: Added _OSI(Processor Device)
[    0.561789] ACPI: Added _OSI(3.0 _SCP Extensions)
[    0.562743] ACPI: Added _OSI(Processor Aggregator Device)
[    0.564310] ACPI: Executed 1 blocks of module-level executable AML code
[    0.566743] ACPI: Interpreter enabled
[    0.567330] ACPI: (supports S0 S5)
[    0.568191] ACPI: Using IOAPIC for interrupt routing
[    0.569358] PCI: Using host bridge windows from ACPI; if necessary, use "pci=nocrs" and report a bug
[    0.574136] ACPI: PCI Root Bridge [PCI0] (domain 0000 [bus 00-ff])
[    0.575373] acpi PNP0A03:00: _OSC: OS supports [ASPM ClockPM Segments MSI]
[    0.576565] acpi PNP0A03:00: _OSC: not requesting OS control; OS requires [ExtendedConfig ASPM ClockPM MSI]
[    0.578358] acpi PNP0A03:00: fail to add MMCONFIG information, can't access extended PCI configuration space under this bridge.
[    0.580241] PCI host bridge to bus 0000:00
[    0.587943] pci_bus 0000:00: root bus resource [io  0x0000-0x0cf7 window]
[    0.589352] pci_bus 0000:00: root bus resource [io  0x0d00-0xffff window]
[    0.590670] pci_bus 0000:00: root bus resource [mem 0x000a0000-0x000bffff window]
[    0.592178] pci_bus 0000:00: root bus resource [mem 0xe0000000-0xfdffffff window]
[    0.593337] pci_bus 0000:00: root bus resource [bus 00-ff]
[    0.595461] pci 0000:00:01.1: legacy IDE quirk: reg 0x10: [io  0x01f0-0x01f7]
[    0.596492] pci 0000:00:01.1: legacy IDE quirk: reg 0x14: [io  0x03f6]
[    0.597432] pci 0000:00:01.1: legacy IDE quirk: reg 0x18: [io  0x0170-0x0177]
[    0.598727] pci 0000:00:01.1: legacy IDE quirk: reg 0x1c: [io  0x0376]
[    0.659422] pci 0000:00:07.0: quirk: [io  0x4000-0x403f] claimed by PIIX4 ACPI
[    0.661077] pci 0000:00:07.0: quirk: [io  0x4100-0x410f] claimed by PIIX4 SMB
[    0.682464] ACPI: PCI Interrupt Link [LNKA] (IRQs 5 9 10 *11)
[    0.684269] ACPI: PCI Interrupt Link [LNKB] (IRQs 5 9 *10 11)
[    0.685481] ACPI: PCI Interrupt Link [LNKC] (IRQs 5 *9 10 11)
[    0.686799] ACPI: PCI Interrupt Link [LNKD] (IRQs 5 9 10 *11)
[    0.688310] ACPI: Enabled 2 GPEs in block 00 to 07
[    0.689403] vgaarb: setting as boot device: PCI:0000:00:02.0
[    0.690204] vgaarb: device added: PCI:0000:00:02.0,decodes=io+mem,owns=io+mem,locks=none
[    0.691474] vgaarb: loaded
[    0.691950] vgaarb: bridge control possible 0000:00:02.0
[    0.692964] SCSI subsystem initialized
[    0.693703] ACPI: bus type USB registered
[    0.694459] usbcore: registered new interface driver usbfs
[    0.695289] usbcore: registered new interface driver hub
[    0.696066] usbcore: registered new device driver usb
[    0.697042] PCI: Using ACPI for IRQ routing
[    0.698265] NetLabel: Initializing
[    0.698986] NetLabel:  domain hash size = 128
[    0.699807] NetLabel:  protocols = UNLABELED CIPSOv4
[    0.700908] NetLabel:  unlabeled traffic allowed by default
[    0.702156] amd_nb: Cannot enumerate AMD northbridges
[    0.705371] clocksource: Switched to clocksource kvm-clock
[    0.716042] AppArmor: AppArmor Filesystem Enabled
[    0.717080] pnp: PnP ACPI init
[    0.718538] pnp: PnP ACPI: found 3 devices
[    0.728210] clocksource: acpi_pm: mask: 0xffffff max_cycles: 0xffffff, max_idle_ns: 2085701024 ns
[    0.729940] NET: Registered protocol family 2
[    0.730946] TCP established hash table entries: 32768 (order: 6, 262144 bytes)
[    0.732563] TCP bind hash table entries: 32768 (order: 7, 524288 bytes)
[    0.735961] TCP: Hash tables configured (established 32768 bind 32768)
[    0.737172] UDP hash table entries: 2048 (order: 4, 65536 bytes)
[    0.738646] UDP-Lite hash table entries: 2048 (order: 4, 65536 bytes)
[    0.739995] NET: Registered protocol family 1
[    0.740694] pci 0000:00:00.0: Limiting direct PCI/PCI transfers
[    0.741673] pci 0000:00:01.0: Activating ISA DMA hang workarounds
[    0.742700] Unpacking initramfs...
[    1.000085] Freeing initrd memory: 14888K
[    1.000888] PCI-DMA: Using software bounce buffering for IO (SWIOTLB)
[    1.001849] software IO TLB: mapped [mem 0xdbff0000-0xdfff0000] (64MB)
[    1.002839] clocksource: tsc: mask: 0xffffffffffffffff max_cycles: 0x2b3e43c8763, max_idle_ns: 440795360101 ns
[    1.004876] platform rtc_cmos: registered platform RTC device (no PNP device found)
[    1.007085] Scanning for low memory corruption every 60 seconds
[    1.008394] audit: initializing netlink subsys (disabled)
[    1.009209] audit: type=2000 audit(1687266141.730:1): initialized
[    1.010399] Initialise system trusted keyring
[    1.011322] HugeTLB registered 2 MB page size, pre-allocated 0 pages
[    1.015526] zbud: loaded
[    1.016315] VFS: Disk quotas dquot_6.6.0
[    1.016998] VFS: Dquot-cache hash table entries: 512 (order 0, 4096 bytes)
[    1.018258] squashfs: version 4.0 (2009/01/31) Phillip Lougher
[    1.019337] fuse init (API version 7.23)
[    1.020060] Key type big_key registered
[    1.020697] Allocating IMA MOK and blacklist keyrings.
[    1.023614] Key type asymmetric registered
[    1.024367] Asymmetric key parser 'x509' registered
[    1.025210] Block layer SCSI generic (bsg) driver version 0.4 loaded (major 249)
[    1.028655] io scheduler noop registered
[    1.029339] io scheduler deadline registered (default)
[    1.030222] io scheduler cfq registered
[    1.030965] pci_hotplug: PCI Hot Plug PCI Core version: 0.5
[    1.031823] pciehp: PCI Express Hot Plug Controller Driver version: 0.4
[    1.032970] ACPI: AC Adapter [AC] (on-line)
[    1.033762] input: Power Button as /devices/LNXSYSTM:00/LNXPWRBN:00/input/input0
[    1.035038] ACPI: Power Button [PWRF]
[    1.035705] input: Sleep Button as /devices/LNXSYSTM:00/LNXSLPBN:00/input/input1
[    1.036895] ACPI: Sleep Button [SLPF]
[    1.039676] GHES: HEST is not enabled!
[    1.040787] Serial: 8250/16550 driver, 32 ports, IRQ sharing enabled
[    1.062779] 00:02: ttyS0 at I/O 0x3f8 (irq = 4, base_baud = 115200) is a 16550A
[    1.064733] Linux agpgart interface v0.103
[    1.066489] loop: module loaded
[    1.067432] scsi host0: ata_piix
[    1.068082] scsi host1: ata_piix
[    1.068664] ata1: PATA max UDMA/33 cmd 0x1f0 ctl 0x3f6 bmdma 0xd000 irq 14
[    1.069628] ata2: PATA max UDMA/33 cmd 0x170 ctl 0x376 bmdma 0xd008 irq 15
[    1.071219] libphy: Fixed MDIO Bus: probed
[    1.072144] tun: Universal TUN/TAP device driver, 1.6
[    1.073071] tun: (C) 1999-2004 Max Krasnyansky <maxk@qualcomm.com>
[    1.074332] PPP generic driver version 2.4.2
[    1.075093] ehci_hcd: USB 2.0 'Enhanced' Host Controller (EHCI) Driver
[    1.076033] ehci-pci: EHCI PCI platform driver
[    1.076747] ehci-platform: EHCI generic platform driver
[    1.077599] ohci_hcd: USB 1.1 'Open' Host Controller (OHCI) Driver
[    1.078583] ohci-pci: OHCI PCI platform driver
[    1.079291] ohci-platform: OHCI generic platform driver
[    1.080078] uhci_hcd: USB Universal Host Controller Interface driver
[    1.081055] i8042: PNP: PS/2 Controller [PNP0303:PS2K,PNP0f03:PS2M] at 0x60,0x64 irq 1,12
[    1.082756] serio: i8042 KBD port at 0x60,0x64 irq 1
[    1.083508] serio: i8042 AUX port at 0x60,0x64 irq 12
[    1.084369] mousedev: PS/2 mouse device common for all mice
[    1.085600] input: AT Translated Set 2 keyboard as /devices/platform/i8042/serio0/input/input2
[    1.087095] rtc_cmos rtc_cmos: rtc core: registered rtc_cmos as rtc0
[    1.088577] rtc_cmos rtc_cmos: alarms up to one day, 114 bytes nvram
[    1.089865] i2c /dev entries driver
[    1.090981] device-mapper: uevent: version 1.0.3
[    1.092051] device-mapper: ioctl: 4.34.0-ioctl (2015-10-28) initialised: dm-devel@redhat.com
[    1.094092] ledtrig-cpu: registered to indicate activity on CPUs
[    1.095274] NET: Registered protocol family 10
[    1.096123] NET: Registered protocol family 17
[    1.096787] Key type dns_resolver registered
[    1.098143] registered taskstats version 1
[    1.098857] Loading compiled-in X.509 certificates
[    1.100070] Loaded X.509 cert 'Build time autogenerated kernel key: cf00e047681d67edb2720680708b7d9498083038'
[    1.101546] zswap: loaded using pool lzo/zbud
[    1.103584] Key type trusted registered
[    1.109041] Key type encrypted registered
[    1.109912] AppArmor: AppArmor sha1 policy hashing enabled
[    1.111177] ima: No TPM chip found, activating TPM-bypass!
[    1.112201] ima: Allocated hash algorithm: sha1
[    1.112966] evm: HMAC attrs: 0x1
[    1.113834]   Magic number: 11:841:28
[    1.114641] rtc_cmos rtc_cmos: setting system clock to 2023-06-20 13:02:17 UTC (1687266137)
[    1.116290] BIOS EDD facility v0.16 2004-Jun-25, 0 devices found
[    1.117566] EDD information not available.
[    1.250330] Freeing unused kernel memory: 1492K
[    1.251239] Write protecting the kernel read-only data: 14336k
[    1.252774] Freeing unused kernel memory: 1584K
[    1.253835] Freeing unused kernel memory: 52K
Loading, please wait...
starting version 229
[    1.266031] random: systemd-udevd: uninitialized urandom read (16 bytes read, 3 bits of entropy available)
[    1.266528] random: udevadm: uninitialized urandom read (16 bytes read, 3 bits of entropy available)
[    1.266540] random: udevadm: uninitialized urandom read (16 bytes read, 3 bits of entropy available)
[    1.271953] random: systemd-udevd: uninitialized urandom read (16 bytes read, 3 bits of entropy available)
[    1.272452] random: udevadm: uninitialized urandom read (16 bytes read, 3 bits of entropy available)
[    1.272484] random: udevadm: uninitialized urandom read (16 bytes read, 3 bits of entropy available)
[    1.272581] random: udevadm: uninitialized urandom read (16 bytes read, 3 bits of entropy available)
[    1.272612] random: udevadm: uninitialized urandom read (16 bytes read, 3 bits of entropy available)
[    1.272643] random: udevadm: uninitialized urandom read (16 bytes read, 3 bits of entropy available)
[    1.272675] random: udevadm: uninitialized urandom read (16 bytes read, 3 bits of entropy available)
[    1.305263] e1000: Intel(R) PRO/1000 Network Driver - version 7.3.21-k8-NAPI
[    1.308139] e1000: Copyright (c) 1999-2006 Intel Corporation.
[    1.309300] Fusion MPT base driver 3.04.20
[    1.310567] Copyright (c) 1999-2008 LSI Corporation
[    1.316261] Fusion MPT SPI Host driver 3.04.20
[    1.325079] AVX2 version of gcm_enc/dec engaged.
[    1.326077] AES CTR mode by8 optimization enabled
[    1.520326] input: ImExPS/2 Generic Explorer Mouse as /devices/platform/i8042/serio1/input/input4
[    1.657272] e1000 0000:00:03.0 eth0: (PCI:33MHz:32-bit) 02:be:82:6b:cc:1d
[    1.658801] e1000 0000:00:03.0 eth0: Intel(R) PRO/1000 Network Connection
[    1.660984] e1000 0000:00:03.0 enp0s3: renamed from eth0
[    1.661871] mptbase: ioc0: Initiating bringup
[    1.733634] ioc0: LSI53C1030 A0: Capabilities={Initiator}
[    1.896593] scsi host2: ioc0: LSI53C1030 A0, FwRev=00000000h, Ports=1, MaxQ=256, IRQ=20
[    2.023196] scsi 2:0:0:0: Direct-Access     VBOX     HARDDISK         1.0  PQ: 0 ANSI: 5
[    2.025530] scsi target2:0:0: Beginning Domain Validation
[    2.029369] scsi target2:0:0: Domain Validation skipping write tests
[    2.030918] scsi target2:0:0: Ending Domain Validation
[    2.032270] scsi target2:0:0: asynchronous
[    2.034577] scsi 2:0:1:0: Direct-Access     VBOX     HARDDISK         1.0  PQ: 0 ANSI: 5
[    2.036673] scsi target2:0:1: Beginning Domain Validation
[    2.040286] scsi target2:0:1: Domain Validation skipping write tests
[    2.041237] scsi target2:0:1: Ending Domain Validation
[    2.042402] scsi target2:0:1: asynchronous
[    2.047341] sd 2:0:0:0: Attached scsi generic sg0 type 0
[    2.048526] sd 2:0:0:0: [sda] 83886080 512-byte logical blocks: (42.9 GB/40.0 GiB)
[    2.048802] sd 2:0:1:0: [sdb] 20480 512-byte logical blocks: (10.5 MB/10.0 MiB)
[    2.049029] sd 2:0:1:0: [sdb] Write Protect is off
[    2.049161] sd 2:0:1:0: [sdb] Incomplete mode parameter data
[    2.049162] sd 2:0:1:0: [sdb] Assuming drive cache: write through
[    2.053474] sd 2:0:1:0: Attached scsi generic sg1 type 0
[    2.055539] sd 2:0:1:0: [sdb] Attached SCSI disk
[    2.057731] sd 2:0:0:0: [sda] Write Protect is off
[    2.058995] sd 2:0:0:0: [sda] Incomplete mode parameter data
[    2.060101] sd 2:0:0:0: [sda] Assuming drive cache: write through
[    2.062771]  sda: sda1
[    2.064358] sd 2:0:0:0: [sda] Attached SCSI disk
Begin: Loading essential drivers ... [    3.309260] md: linear personality registered for level -1
[    3.311778] md: multipath personality registered for level -4
[    3.314265] md: raid0 personality registered for level 0
[    3.317316] md: raid1 personality registered for level 1
[    3.385456] raid6: sse2x1   gen() 11597 MB/s
[    3.453452] raid6: sse2x1   xor()  8326 MB/s
[    3.521464] raid6: sse2x2   gen() 17555 MB/s
[    3.589427] raid6: sse2x2   xor() 11520 MB/s
[    3.657449] raid6: sse2x4   gen() 18804 MB/s
[    3.725427] raid6: sse2x4   xor() 11242 MB/s
[    3.793428] raid6: avx2x1   gen() 25096 MB/s
[    3.861460] raid6: avx2x2   gen() 32195 MB/s
[    3.929424] raid6: avx2x4   gen() 34208 MB/s
[    3.930362] raid6: using algorithm avx2x4 gen() 34208 MB/s
[    3.931424] raid6: using avx2x2 recovery algorithm
[    3.933036] xor: automatically using best checksumming function:
[    3.973430]    avx       : 26861.000 MB/sec
[    3.975296] async_tx: api initialized (async)
[    3.982978] md: raid6 personality registered for level 6
[    3.984147] md: raid5 personality registered for level 5
[    3.984984] md: raid4 personality registered for level 4
[    3.990727] md: raid10 personality registered for level 10
done.
Begin: Running /scripts/init-premount ... done.
Begin: Mounting root file system ... Begin: Running /scripts/local-top ... done.
Begin: Running /scripts/local-premount ... [    4.014040] Btrfs loaded
Scanning for Btrfs filesystems
done.
Warning: fsck not present, so skipping root file system
[    4.040425] EXT4-fs (sda1): mounted filesystem with ordered data mode. Opts: (null)
done.
Begin: Running /scripts/local-bottom ... done.
Begin: Running /scripts/init-bottom ... done.
[    4.132294] systemd[1]: systemd 229 running in system mode. (+PAM +AUDIT +SELINUX +IMA +APPARMOR +SMACK +SYSVINIT +UTMP +LIBCRYPTSETUP +GCRYPT +GNUTLS +ACL +XZ -LZ4 +SECCOMP +BLKID +ELFUTILS +KMOD -IDN)
[    4.135829] systemd[1]: Detected virtualization oracle.
[    4.136615] systemd[1]: Detected architecture x86-64.

Welcome to [1mUbuntu 16.04.7 LTS[0m!

[    4.146595] systemd[1]: Set hostname to <ubuntu>.
[    4.150277] systemd[1]: Initializing machine ID from random generator.
[    4.151596] systemd[1]: Installed transient /etc/machine-id file.
[    4.263226] systemd[1]: Listening on Syslog Socket.
[[0;32m  OK  [0m] Listening on Syslog Socket.
[    4.270021] systemd[1]: Listening on udev Kernel Socket.
[[0;32m  OK  [0m] Listening on udev Kernel Socket.
[    4.271597] systemd[1]: Reached target Swap.
[[0;32m  OK  [0m] Reached target Swap.
[    4.491740] systemd[1]: Set up automount Arbitrary Executable File Formats File System Automount Point.
[[0;32m  OK  [0m] Set up automount Arbitrary Executab...ats File System Automount Point.
[    4.495735] systemd[1]: Listening on LVM2 metadata daemon socket.
[[0;32m  OK  [0m] Listening on LVM2 metadata daemon socket.
[    4.497908] systemd[1]: Started Forward Password Requests to Wall Directory Watch.
[[0;32m  OK  [0m] Started Forward Password Requests to Wall Directory Watch.
[    4.506395] systemd[1]: Created slice System Slice.
[[0;32m  OK  [0m] Created slice System Slice.
[    4.514042] systemd[1]: Listening on Device-mapper event daemon FIFOs.
[[0;32m  OK  [0m] Listening on Device-mapper event daemon FIFOs.
[    4.521841] systemd[1]: Listening on LVM2 poll daemon socket.
[[0;32m  OK  [0m] Listening on LVM2 poll daemon socket.
[    4.529551] systemd[1]: Reached target System Time Synchronized.
[[0;32m  OK  [0m] Reached target System Time Synchronized.
[    4.537591] systemd[1]: Listening on fsck to fsckd communication Socket.
[[0;32m  OK  [0m] Listening on fsck to fsckd communication Socket.
[    4.540489] systemd[1]: Created slice system-serial\x2dgetty.slice.
[[0;32m  OK  [0m] Created slice system-serial\x2dgetty.slice.
[    4.543499] systemd[1]: Listening on Journal Audit Socket.
[[0;32m  OK  [0m] Listening on Journal Audit Socket.
[    4.545773] systemd[1]: Listening on /dev/initctl Compatibility Named Pipe.
[[0;32m  OK  [0m] Listening on /dev/initctl Compatibility Named Pipe.
[    4.548655] systemd[1]: Created slice User and Session Slice.
[[0;32m  OK  [0m] Created slice User and Session Slice.
[    4.550960] systemd[1]: Reached target Slices.
[[0;32m  OK  [0m] Reached target Slices.
[    4.552984] systemd[1]: Listening on Journal Socket (/dev/log).
[[0;32m  OK  [0m] Listening on Journal Socket (/dev/log).
[    4.555355] systemd[1]: Reached target User and Group Name Lookups.
[[0;32m  OK  [0m] Reached target User and Group Name Lookups.
[    4.565929] systemd[1]: Reached target Encrypted Volumes.
[[0;32m  OK  [0m] Reached target Encrypted Volumes.
[    4.573758] systemd[1]: Started Trigger resolvconf update for networkd DNS.
[[0;32m  OK  [0m] Started Trigger resolvconf update for networkd DNS.
[    4.581679] systemd[1]: Listening on udev Control Socket.
[[0;32m  OK  [0m] Listening on udev Control Socket.
[    4.589749] systemd[1]: Listening on Journal Socket.
[[0;32m  OK  [0m] Listening on Journal Socket.
[    4.614386] systemd[1]: Starting Journal Service...
         Starting Journal Service...
[    4.622240] systemd[1]: Starting Uncomplicated firewall...
         Starting Uncomplicated firewall...
[    4.630079] systemd[1]: Starting Monitoring of LVM2 mirrors, snapshots etc. using dmeventd or progress polling...
         Starting Monitoring of LVM2 mirrors... dmeventd or progress polling...
[    4.638437] systemd[1]: Mounting POSIX Message Queue File System...
         Mounting POSIX Message Queue File System...
[    4.641568] systemd[1]: Mounting Debug File System...
         Mounting Debug File System...
[    4.650091] systemd[1]: Starting Nameserver information manager...
         Starting Nameserver information manager...
[    4.652285] systemd[1]: Starting Set console keymap...
         Starting Set console keymap...
[    4.662166] systemd[1]: Starting Create list of required static device nodes for the current kernel...
         Starting Create list of required st... nodes for the current kernel...
[    4.666877] systemd[1]: Starting Load Kernel Modules...
         Starting Load Kernel Modules...
[    4.677183] Loading iSCSI transport class v2.0-870.
[    4.679523] systemd[1]: Mounting Huge Pages File System...
         Mounting Huge Pages File System...
[    4.682594] systemd[1]: Starting File System Check on Root Device...
         Starting File System Check on Root Device...
[    4.690896] iscsi: registered transport (tcp)
[    4.691316] systemd[1]: Mounted Huge Pages File System.
[[0;32m  OK  [0m] Mounted Huge Pages File System.

    4.693358] systemd[1]: Mounted POSIX Message Queue File System.
[[0;32m  OK  [0m] Mounted POSIX Message Queue File System.
[    4.695212] systemd[1]: Mounted Debug File System.
[[0;32m  OK  [0m] Mounted Debug File System.
[    4.701774] systemd[1]: Started Journal Service.
[[0;32m  OK  [0m] Started Journal Service.
[[0;32m  OK  [0m] Started Uncomplicated firewall.
[[0;32m  OK  [0m] Started Set console keymap.
[[0;32m  OK  [0m] Started Create list of required sta...ce nodes for the current kernel.
[[0;32m  OK  [0m] Started File System Check on Root Device.
[[0;32m  OK  [0m] Started Nameserver information manager.
[[0;32m  OK  [0m] Started File System Check Daemon to report status.
[[0;32m  OK  [0m] Started LVM2 metadata daemon.
[    4.723489] iscsi: registered transport (iser)
         Starting Remount Root and Kernel File Systems...
         Starting Create Static Device Nodes in /dev...
[[0;32m  OK  [0m] Started Load Kernel Modules.
         Mounting FUSE Control File System...
         Starting Apply Kernel Variables...
[    4.733833] EXT4-fs (sda1): re-mounted. Opts: (null)
[[0;32m  OK  [0m] Mounted FUSE Control File System.
[[0;32m  OK  [0m] Started Remount Root and Kernel File Systems.
         Starting Load/Save Random Seed...
         Starting Flush Journal to Persistent Storage...
         Starting udev Coldplug all Devices...
[[0;32m  OK  [0m] Started Apply Kernel Variables.
[[0;32m  OK  [0m] Started Load/Save Random Seed.
[[0;32m  OK  [0m] Started Create Static Device Nodes in /dev.
         Starting udev Kernel Device Manager...
[[0;32m  OK  [0m] Started Flush Journal to Persistent Storage.
[[0;32m  OK  [0m] Started udev Coldplug all Devices.
[[0;32m  OK  [0m] Started udev Kernel Device Manager.
[[0;32m  OK  [0m] Started Dispatch Password Requests to Console Directory Watch.
[[0;32m  OK  [0m] Found device /dev/ttyS0.
[[0;32m  OK  [0m] Listening on Load/Save RF Kill Switch Status /dev/rfkill Watch.
[[0;32m  OK  [0m] Started Monitoring of LVM2 mirrors,...ng dmeventd or progress polling.
[[0;32m  OK  [0m] Reached target Local File Systems (Pre).
[[0;32m  OK  [0m] Reached target Local File Systems.
         Starting Commit a transient machine-id on disk...
         Starting Set console font and keymap...
         Starting Initial cloud-init job (pre-networking)...
         Starting Create Volatile Files and Directories...
         Starting LSB: AppArmor initialization...
         Starting Tell Plymouth To Write Out Runtime Data...
[[0;32m  OK  [0m] Started Commit a transient machine-id on disk.
[[0;32m  OK  [0m] Started Create Volatile Files and Directories.
[[0;32m  OK  [0m] Started Tell Plymouth To Write Out Runtime Data.
         Starting Update UTMP about System Boot/Shutdown...
[[0;32m  OK  [0m] Started Update UTMP about System Boot/Shutdown.
[[0;32m  OK  [0m] Started Set console font and keymap.
[[0;32m  OK  [0m] Created slice system-getty.slice.
[[0;32m  OK  [0m] Started LSB: AppArmor initialization.
         Starting Load AppArmor profiles managed internally by snapd...
[[0;32m  OK  [0m] Started Load AppArmor profiles managed internally by snapd.
[    5.839398] cloud-init[608]: Cloud-init v. 21.1-19-gbad84ad4-0ubuntu1~16.04.2 running 'init-local' at Tue, 20 Jun 2023 13:02:22 +0000. Up 5.59 seconds.
[[0;32m  OK  [0m] Started Initial cloud-init job (pre-networking).
[[0;32m  OK  [0m] Reached target Network (Pre).
         Starting Raise network interfaces...
[[0;32m  OK  [0m] Started Raise network interfaces.
         Starting Initial cloud-init job (metadata service crawler)...
[[0;32m  OK  [0m] Reached target Network.
[    6.645377] cloud-init[948]: Cloud-init v. 21.1-19-gbad84ad4-0ubuntu1~16.04.2 running 'init' at Tue, 20 Jun 2023 13:02:22 +0000. Up 6.23 seconds.
[    6.652405] cloud-init[948]: ci-info: ++++++++++++++++++++++++++++++++++++++Net device info++++++++++++++++++++++++++++++++++++++
[    6.653662] cloud-init[948]: ci-info: +--------+------+----------------------------+---------------+--------+-------------------+
[    6.664350] cloud-init[948]: ci-info: | Device |  Up  |          Address           |      Mask     | Scope  |     Hw-Address    |
[    6.673070] cloud-init[948]: ci-info: +--------+------+----------------------------+---------------+--------+-------------------+
[    6.674084] cloud-init[948]: ci-info: | enp0s3 | True |         10.0.2.15          | 255.255.255.0 | global | 02:be:82:6b:cc:1d |
[    6.674921] cloud-init[948]: ci-info: | enp0s3 | True | fe80::be:82ff:fe6b:cc1d/64 |       .       |  link  | 02:be:82:6b:cc:1d |
[    6.676571] cloud-init[948]: ci-info: |   lo   | True |         127.0.0.1          |   255.0.0.0   |  host  |         .         |
[    6.677827] cloud-init[948]: ci-info: |   lo   | True |          ::1/128           |       .       |  host  |         .         |
[    6.679023] cloud-init[948]: ci-info: +--------+------+----------------------------+---------------+--------+-------------------+
[    6.680195] cloud-init[948]: ci-info: +++++++++++++++++++++++++++Route IPv4 info++++++++++++++++++++++++++++
[    6.681031] cloud-init[948]: ci-info: +-------+-------------+----------+---------------+-----------+-------+
[    6.682095] cloud-init[948]: ci-info: | Route | Destination | Gateway  |    Genmask    | Interface | Flags |
[    6.688242] cloud-init[948]: ci-info: +-------+-------------+----------+---------------+-----------+-------+
[[0;32m  OK  [0m] Started Initial cloud-init job (metadata service crawler).
[    6.688389] cloud-init[948]: ci-info: |   0   |   0.0.0.0   | 10.0.2.2 |    0.0.0.0    |   enp0s3  |   UG  |
[    6.704924] cloud-init[948]: ci-info: |   1   |   10.0.2.0  | 0.0.0.0  | 255.255.255.0 |   enp0s3  |   U   |
[    6.705081] cloud-init[[948]: [0;32m  OK  [0mci-info: +-------+-------------+----------+---------------+-----------+-------+] 
Reached target Cloud-config availability.
[[    6.705114] [0;32m  OK  [0mcloud-init] [948]: Reached target System Initialization.ci-info: +++++++++++++++++++Route IPv6 info+++++++++++++++++++

[[    6.713230] [0;32m  OK  [0mcloud-init] [948]: Listening on D-Bus System Message Bus Socket.ci-info: +-------+-------------+---------+-----------+-------+

[    6.721765] cloud-init[948]: ci-info: | Route | Destination | Gateway | Interface | Flags |
[    6.721916] cloud-init[948]: [ci-info: +-------+-------------+---------+-----------+-------+[0;32m  OK  [0m
] Started Daily Cleanup of Temporary Directories.
[    6.721954] cloud-init[948]: ci-info: |   0   |  fe80::/64  |    ::   |   enp0s3  |   U   |
[    6.736413] cloud-init[948]: ci-info: |   3   |   ff00::/8  |    ::   |   enp0s3  |   U   |
[    6.736556] cloud-init[948]: ci-info: +-------+-------------+---------+-----------+-------+
[    6.736682] cloud-init[948]: Generating public/private rsa key pair.
[    6.736735] cloud-init[948]: Your identification has been saved in /etc/ssh/ssh_host_rsa_key.
[    6.736813] cloud-init[948]: Your public key has been saved in /etc/ssh/ssh_host_rsa_key.pub.
[[0;32m  OK  [0m] Started ACPI Events Check.
[    6.736898] cloud-init[948]: The key fingerprint is:
[[0;32m  OK  [0m] Reached target Paths.
[    6.739666] cloud-init[948]: SHA256:rW+bvrVSATmJFl+kbMUeBUdOulNbSS1KV4C5L6YUN5E root@ubuntu-xenial
[    6.748933] cloud-init[948]: The key's randomart image is:
[    6.749098] cloud-init[[948]: [0;32m  OK  [0m+---[RSA 2048]----+] 
Started Message of the Day.
[    6.749128] cloud-init[948]: |        .o ==B*+o|
[[0;32m  OK  [0m] Listening on UUID daemon activation socket.
[    6.750157] cloud-init[948]: |        oo=+E=+ o|
[    6.751412] cloud-init[948]: |       .  ==.*oo.|
         [    6.751958] cloud-init[948]: |         o. Bo o |
[    6.752249] cloud-init[948]: |        S .oo+.  |
[    6.752369] cloud-init[948]: |         .. +..  |
Starting LXD - unix socket.
[    6.752875] cloud-init[948]: |        .. +..   |
[[0;32m  OK  [0m] Listening on ACPID Listen Socket.
[    6.753819] cloud-init[948]: |         .+o .   |
[    6.760578] cloud-init[948]: |         o*+.    |
[    6.760818] cloud-init[[948]: [0;32m  OK  [0m+----[SHA256]-----+] 
Started Daily apt download activities.
[[    6.760852] [0;32m  OK  [0mcloud-init] [948]: Started Daily apt upgrade and clean activities.Generating public/private dsa key pair.

[    6.769462] cloud-init[948]: Your identification has been saved in /etc/ssh/ssh_host_dsa_key.
[    6.769626] cloud-init         [948]: Starting Socket activation for snappy daemon.Your public key has been saved in /etc/ssh/ssh_host_dsa_key.pub.

[    6.769661] cloud-init[948]: The key fingerprint is:
[[0;32m  OK  [0m] Started Ubuntu Advantage update messaging.
[    6.771215] cloud-init[948]: SHA256:yyuYAMc94pAVH67aS2f2dQ9N3xjX9hJH8D0T5JxvwOU root@ubuntu-xenial
[    6.780976] cloud-init[948]: The key's randomart image is:
[    6.781137] cloud-init[948]: +---[DSA 1024]----+[
[0;32m  OK  [0m] Reached target Timers.
[[    6.781171] [0;32m  OK  [0mcloud-init] [948]: Reached target Network is Online.|  ...         oo.|

[    6.790666] cloud-init[948]: |  .o .       .o=+|
[    6.796590] cloud-init[948]: | + .o         o*E|
[    6.797177] cloud-init[948]: |+ +.o          o=|
[    6.804763] cloud-init[948]: | =.. .  S   . o B|
[    6.804805] cloud-init[948]: | oo    . . o . X.|
[    6.804833] cloud-init[948]: |. o.+o  + o . + o|
[    6.804855] cloud-init[948]: | . =o... o o   . |
[    6.804888] cloud-init[948]: |  .   ...   .    |
[    6.804914] cloud-init[948]: +----[SHA256]-----+
         Starting iSCSI initiator daemon (iscsid)...[    6.804951] 
cloud-init[948]: Generating public/private ecdsa key pair.
[    6.805010] cloud-init[948]: Your identification has been saved in /etc/ssh/ssh_host_ecdsa_key.
[[    6.807788] cloud-init[948]: Your public key has been saved in /etc/ssh/ssh_host_ecdsa_key.pub.
[    6.807990] cloud-init[948]: The key fingerprint is:
[    6.808341] cloud-init[948]: SHA256:d6QIIEBPRVjU+dAUKJ21S3OScClZbgCzML39I+ZEBMY root@ubuntu-xenial
[    6.808539] cloud-init[948]: The key's randomart image is:
[    6.808626] cloud-init[948]: +---[ECDSA 256]---+
[    6.808778] cloud-init[948]: |oo.+XX=oX*o      |
[0;32m  OK  [0m] Listening on LXD - unix socket.
[[0;32m  OK  [0m] Listening on Socket activation for snappy daemon.
[[0;32m  OK  [0m[    6.808824] cloud-init[948]: |  oo+Eo@=oo      |
[    6.812473] cloud-init[948]: |   . .* +O ..    |
] Reached target Sockets.
[    6.812572] cloud-init[948]: |     . +oo=o     |
[    6.812603] cloud-init[948]: |      . S.o .    |
[    6.812626] cloud-init[948]: |       + + .     |
[    6.813243] cloud-init[948]: |      + . .      |
[[0;32m  OK  [0m[    6.814430] ] cloud-initReached target Basic System.[948]: 
|       .         |
[    6.814458] cloud-init[948]: |                 |
[    6.824972] cloud-init[948]: +----[SHA256]-----+
[    6.825137] cloud-init[948]: Generating public/private ed25519 key pair.
[[0;32m  OK  [0m] Started ACPI event daemon.
         Starting System Logging Service...
[    6.825168]          cloud-initStarting Pollinate to seed the pseudo random number generator...[948]: 
Your identification has been saved in /etc/ssh/ssh_host_ed25519_key.
         Starting Virtualbox guest utils...
[[0;32m  OK  [0m] Started D-Bus System Message Bus.
[    6.835996] cloud-init[948]: Your public key has been saved in /etc/ssh/ssh_host_ed25519_key.pub.
[    6.839986] cloud-init[948]: The key fingerprint is:
[    6.848334] cloud-init[948]: SHA256:vjAai9NyDyqxhF3eJ3RicJaAkVChOM6Zk0Vpz74lTk0 root@ubuntu-xenial
[    6.849424] cloud-init[948]: The key's randomart image is:
[    6.849953] cloud-init[948]: +--[ED25519 256]--+
[    6.850803] cloud-init[948]: |.o+*o. .         |
[    6.856272] cloud-init[948]: |..+o. +          |
[    6.858960] cloud-init[948]: |+ ..o+           |
[    6.864546] cloud-init[948]: |o.= .o+E.        |
[    6.873427] [cloud-init[0;32m  OK  [0m[948]: ] |.O o.+ooS        |Started Regular background program processing daemon.

[    6.873782] cloud-init[948]: |o.o .+o+.        |
[    6.880977] [[0;32m  OK  [0m] Started FUSE filesystem for LXC.
cloud-init[948]: |.o .= *o.        |
[    6.894514]          cloud-initStarting LSB: Record successful boot for GRUB...[948]: 
|o oooB o .       |
[    6.895416] cloud-init[948]: | .o+o.. .        |
[    6.895872]          cloud-initStarting Snap Daemon...[948]: +----[SHA256]-----+

[[0;32m  OK  [0m] Started Deferred execution scheduler.
         Starting LSB: MD monitoring daemon...
         Starting Login Service...
         Starting Accounts Service...
         Starting /etc/rc.local Compatibility...
         Starting LXD - container startup/shutdown...
[[0;32m  OK  [0m] Started System Logging Service.
[[0;32m  OK  [0m] Started /etc/rc.local Compatibility.
[[0;32m  OK  [0m] Started Login Service.
[[0;32m  OK  [0m] Started Unattended Upgrades Shutdown.
[[0;32m  OK  [0m] Started iSCSI initiator daemon (iscsid).
         Starting Login to default iSCSI targets...
[[0;32m  OK  [0m] Started LSB: Record successful boot for GRUB.
[[0;32m  OK  [0m] Started LSB: MD monitoring daemon.
[[0;32m  OK  [0m] Started Login to default iSCSI targets.
[[0;32m  OK  [0m] Reached target Remote File Systems (Pre).
[[0;32m  OK  [0m] Reached target Remote File Systems.
         Starting LSB: daemon to balance interrupts for SMP systems...
         Starting LSB: automatic crash report generation...
         Starting Permit User Sessions...
         Starting LSB: Set the CPU Frequency Scaling governor to "ondemand"...
[[0;32m  OK  [0m] Started Permit User Sessions.
[[0;32m  OK  [0m] Started Virtualbox guest utils.
         Starting Authenticate and Authorize Users to Run Privileged Tasks...
         Starting Terminate Plymouth Boot Screen...
         Starting Hold until boot process finishes up...
[[0;32m  OK  [0m] Started LSB: daemon to balance interrupts for SMP systems.
[[0;32m  OK  [0m] Started LSB: automatic crash report generation.
[[0;32m  OK  [0m] Started Terminate Plymouth Boot Screen.
[[0;32m  OK  [0m] Started Hold until boot process finishes up.
[[0;32m  OK  [0m] Started Serial Getty on ttyS0.
         Starting Set console scheme...
[[0;32m  OK  [0m] Started Getty on tty1.
[[0;32m  OK  [0m] Reached target Login Prompts.
[[0;32m  OK  [0m] Started LSB: Set the CPU Frequency Scaling governor to "ondemand".
[[0;32m  OK  [0m] Started Set console scheme.
[[0;32m  OK  [0m] Started Authenticate and Authorize Users to Run Privileged Tasks.
[[0;32m  OK  [0m] Started Accounts Service.
[[0;32m  OK  [0m] Started LXD - container startup/shutdown.
[[0;32m  OK  [0m] Started Snap Daemon.
         Starting Wait until snapd is fully seeded...
[[0;32m  OK  [0m] Started Wait until snapd is fully seeded.
         Starting Apply the settings specified in cloud-config...
[    8.223617] cloud-init[1272]: Generating locales (this might take a while)...
[    8.841459] cloud-init[1272]:   en_US.UTF-8... done
[    8.852464] cloud-init[1272]: Generation complete.
[    9.184915] cloud-init[1272]: Cloud-init v. 21.1-19-gbad84ad4-0ubuntu1~16.04.2 running 'modules:config' at Tue, 20 Jun 2023 13:02:24 +0000. Up 8.15 seconds.
[[0;32m  OK  [0m] Started Apply the settings specified in cloud-config.
[[0;32m  OK  [0m] Started Pollinate to seed the pseudo random number generator.
         Starting OpenBSD Secure Shell server...
[[0;32m  OK  [0m] Started OpenBSD Secure Shell server.
[[0;32m  OK  [0m] Reached target Multi-User System.
[[0;32m  OK  [0m] Reached target Graphical Interface.
         Starting Execute cloud user/final scripts...
         Starting Update UTMP about System Runlevel Changes...
[[0;32m  OK  [0m] Started Update UTMP about System Runlevel Changes.
ci-info: no authorized SSH keys fingerprints found for user ubuntu.
<14>Jun 20 13:02:28 ec2: 
<14>Jun 20 13:02:28 ec2: #############################################################
<14>Jun 20 13:02:28 ec2: -----BEGIN SSH HOST KEY FINGERPRINTS-----
<14>Jun 20 13:02:28 ec2: 1024 SHA256:yyuYAMc94pAVH67aS2f2dQ9N3xjX9hJH8D0T5JxvwOU root@ubuntu-xenial (DSA)
<14>Jun 20 13:02:28 ec2: 256 SHA256:d6QIIEBPRVjU+dAUKJ21S3OScClZbgCzML39I+ZEBMY root@ubuntu-xenial (ECDSA)
<14>Jun 20 13:02:28 ec2: 256 SHA256:vjAai9NyDyqxhF3eJ3RicJaAkVChOM6Zk0Vpz74lTk0 root@ubuntu-xenial (ED25519)
<14>Jun 20 13:02:28 ec2: 2048 SHA256:rW+bvrVSATmJFl+kbMUeBUdOulNbSS1KV4C5L6YUN5E root@ubuntu-xenial (RSA)
<14>Jun 20 13:02:28 ec2: -----END SSH HOST KEY FINGERPRINTS-----
<14>Jun 20 13:02:28 ec2: #############################################################
-----BEGIN SSH HOST KEY KEYS-----
ecdsa-sha2-nistp256 AAAAE2VjZHNhLXNoYTItbmlzdHAyNTYAAAAIbmlzdHAyNTYAAABBBKxr0gANemNqAF8lHYBtx0xYSMZbXvsuYHINcjkVtWXattD34mOEKdMNbGeQo9qYzTzjN+SXzc95u1qIBnP8qS4= root@ubuntu-xenial
ssh-ed25519 AAAAC3NzaC1lZDI1NTE5AAAAIPy1ty0DbHkBB9wLrHrWqk2mLX8Lthpylin3VPNEuNt/ root@ubuntu-xenial
ssh-rsa AAAAB3NzaC1yc2EAAAADAQABAAABAQDHCNUxBvHITnInzaw/nxAguWkUg3PVF5VQJDwq+FthLxRjf5impZM27pE3u/SLLeMh8i59mVsPdAXbQ/yz/yEKLLpGGMLqHvmv6BaSZiBYub2/Lc3d11JR/4JscHHKv9DXDjAUlEvQnCl8ENwkzGF4FSBbq1g5eMJugABnAIUJ5ycYkmsXe3DFd5LOMnQf8jtrQdEcc+QFvsXrx0P70PgogpH5wEV7u+6HRivN9ZBfW5RjIHFd2W97jlFeoA3mU3hHUVfbmM5AtypB96fAHq1EuZJH5hjHJud2tDTKrqUxPbrlAGAA7Qf90YyQtXgYtJvp+zVL/9ZEoj+7CKNokaDt root@ubuntu-xenial
-----END SSH HOST KEY KEYS-----
[   11.603331] cloud-init[1332]: Cloud-init v. 21.1-19-gbad84ad4-0ubuntu1~16.04.2 running 'modules:final' at Tue, 20 Jun 2023 13:02:28 +0000. Up 11.49 seconds.
[   11.613127] cloud-init[1332]: ci-info: no authorized SSH keys fingerprints found for user ubuntu.
[   11.613942] cloud-init[1332]: Cloud-init v. 21.1-19-gbad84ad4-0ubuntu1~16.04.2 finished at Tue, 20 Jun 2023 13:02:28 +0000. Datasource DataSourceNoCloud [seed=/dev/sdb][dsmode=net].  Up 11.59 seconds
[[0;32m  OK  [0m] Started Execute cloud user/final scripts.
[[0;32m  OK  [0m] Reached target Cloud-init target.

Ubuntu 16.04.7 LTS ubuntu-xenial ttyS0

ubuntu-xenial login: 